<?xml version="1.0" encoding="UTF-8"?>
<!-- Generated by org.testng.reporters.JUnitXMLReporter -->
<testsuite hostname="ritzgupta" name="Test" tests="7" failures="1" timestamp="8 Aug 2020 19:48:03 GMT" time="2.893" errors="0">
  <testcase name="tc3" time="1.891" classname="org.testing.TestScripts.GetRequestWithQueryParameter"/>
  <testcase name="tc1" time="0.626" classname="org.testing.TestScripts.PostRequestTC"/>
  <testcase name="TC5" time="0.041" classname="org.testing.TestScripts.DeleteRequestTC"/>
  <testcase name="TC6" time="0.028" classname="org.testing.TestScripts.PatchRequestTC"/>
  <testcase name="run" time="0.193" classname="org.testng.Runner.RunnerClass"/>
  <testcase name="TC4" time="0.035" classname="org.testing.TestScripts.PutRequestTC">
    <failure type="java.lang.NullPointerException">
      <![CDATA[java.lang.NullPointerException
	at org.testing.ResponseValidation.ResponseDataValidation.responseData(ResponseDataValidation.java:17)
	at org.testing.TestScripts.PutRequestTC.TC4(PutRequestTC.java:38)
... Removed 24 stack frames]]>
    </failure>
  </testcase> <!-- TC4 -->
  <testcase name="tc2" time="0.026" classname="org.testing.TestScripts.GetRequestTC"/>
</testsuite> <!-- Test -->
