<?xml version="1.0" encoding="UTF-8"?>
<testng-results skipped="0" failed="1" total="7" passed="6">
  <reporter-output>
  </reporter-output>
  <suite name="Suite" duration-ms="2893" started-at="2020-08-08T19:48:00Z" finished-at="2020-08-08T19:48:03Z">
    <groups>
    </groups>
    <test name="Test" duration-ms="2893" started-at="2020-08-08T19:48:00Z" finished-at="2020-08-08T19:48:03Z">
      <class name="org.testing.TestScripts.PatchRequestTC">
        <test-method status="PASS" signature="TC6()[pri:0, instance:org.testing.TestScripts.PatchRequestTC@780cb77]" name="TC6" duration-ms="28" started-at="2020-08-09T01:18:03Z" finished-at="2020-08-09T01:18:03Z">
          <reporter-output>
          </reporter-output>
        </test-method> <!-- TC6 -->
      </class> <!-- org.testing.TestScripts.PatchRequestTC -->
      <class name="org.testing.TestScripts.PostRequestTC">
        <test-method status="PASS" signature="tc1()[pri:0, instance:org.testing.TestScripts.PostRequestTC@1d548a08]" name="tc1" duration-ms="626" started-at="2020-08-09T01:18:02Z" finished-at="2020-08-09T01:18:03Z">
          <reporter-output>
          </reporter-output>
        </test-method> <!-- tc1 -->
      </class> <!-- org.testing.TestScripts.PostRequestTC -->
      <class name="org.testing.TestScripts.GetRequestWithQueryParameter">
        <test-method status="PASS" signature="tc3()[pri:0, instance:org.testing.TestScripts.GetRequestWithQueryParameter@5d740a0f]" name="tc3" duration-ms="1891" started-at="2020-08-09T01:18:00Z" finished-at="2020-08-09T01:18:02Z">
          <reporter-output>
          </reporter-output>
        </test-method> <!-- tc3 -->
      </class> <!-- org.testing.TestScripts.GetRequestWithQueryParameter -->
      <class name="org.testng.Runner.RunnerClass">
        <test-method status="PASS" signature="run()[pri:0, instance:org.testng.Runner.RunnerClass@691a7f8f]" name="run" duration-ms="193" started-at="2020-08-09T01:18:03Z" finished-at="2020-08-09T01:18:03Z">
          <reporter-output>
          </reporter-output>
        </test-method> <!-- run -->
      </class> <!-- org.testng.Runner.RunnerClass -->
      <class name="org.testing.TestScripts.DeleteRequestTC">
        <test-method status="PASS" signature="TC5()[pri:0, instance:org.testing.TestScripts.DeleteRequestTC@16aa0a0a]" name="TC5" duration-ms="41" started-at="2020-08-09T01:18:03Z" finished-at="2020-08-09T01:18:03Z">
          <reporter-output>
          </reporter-output>
        </test-method> <!-- TC5 -->
      </class> <!-- org.testing.TestScripts.DeleteRequestTC -->
      <class name="org.testing.TestScripts.PutRequestTC">
        <test-method status="FAIL" signature="TC4()[pri:0, instance:org.testing.TestScripts.PutRequestTC@50a7bc6e]" name="TC4" duration-ms="35" started-at="2020-08-09T01:18:03Z" finished-at="2020-08-09T01:18:03Z">
          <exception class="java.lang.NullPointerException">
            <full-stacktrace>
              <![CDATA[java.lang.NullPointerException
	at org.testing.ResponseValidation.ResponseDataValidation.responseData(ResponseDataValidation.java:17)
	at org.testing.TestScripts.PutRequestTC.TC4(PutRequestTC.java:38)
	at sun.reflect.NativeMethodAccessorImpl.invoke0(Native Method)
	at sun.reflect.NativeMethodAccessorImpl.invoke(NativeMethodAccessorImpl.java:62)
	at sun.reflect.DelegatingMethodAccessorImpl.invoke(DelegatingMethodAccessorImpl.java:43)
	at java.lang.reflect.Method.invoke(Method.java:498)
	at org.testng.internal.MethodInvocationHelper.invokeMethod(MethodInvocationHelper.java:85)
	at org.testng.internal.Invoker.invokeMethod(Invoker.java:639)
	at org.testng.internal.Invoker.invokeTestMethod(Invoker.java:821)
	at org.testng.internal.Invoker.invokeTestMethods(Invoker.java:1131)
	at org.testng.internal.TestMethodWorker.invokeTestMethods(TestMethodWorker.java:124)
	at org.testng.internal.TestMethodWorker.run(TestMethodWorker.java:108)
	at org.testng.TestRunner.privateRun(TestRunner.java:773)
	at org.testng.TestRunner.run(TestRunner.java:623)
	at org.testng.SuiteRunner.runTest(SuiteRunner.java:357)
	at org.testng.SuiteRunner.runSequentially(SuiteRunner.java:352)
	at org.testng.SuiteRunner.privateRun(SuiteRunner.java:310)
	at org.testng.SuiteRunner.run(SuiteRunner.java:259)
	at org.testng.SuiteRunnerWorker.runSuite(SuiteRunnerWorker.java:52)
	at org.testng.SuiteRunnerWorker.run(SuiteRunnerWorker.java:86)
	at org.testng.TestNG.runSuitesSequentially(TestNG.java:1185)
	at org.testng.TestNG.runSuitesLocally(TestNG.java:1110)
	at org.testng.TestNG.run(TestNG.java:1018)
	at org.testng.remote.AbstractRemoteTestNG.run(AbstractRemoteTestNG.java:115)
	at org.testng.remote.RemoteTestNG.initAndRun(RemoteTestNG.java:251)
	at org.testng.remote.RemoteTestNG.main(RemoteTestNG.java:77)
]]>
            </full-stacktrace>
          </exception> <!-- java.lang.NullPointerException -->
          <reporter-output>
          </reporter-output>
        </test-method> <!-- TC4 -->
      </class> <!-- org.testing.TestScripts.PutRequestTC -->
      <class name="org.testing.TestScripts.GetRequestTC">
        <test-method status="PASS" signature="tc2()[pri:0, instance:org.testing.TestScripts.GetRequestTC@161b062a]" name="tc2" duration-ms="26" started-at="2020-08-09T01:18:03Z" finished-at="2020-08-09T01:18:03Z">
          <reporter-output>
          </reporter-output>
        </test-method> <!-- tc2 -->
      </class> <!-- org.testing.TestScripts.GetRequestTC -->
    </test> <!-- Test -->
  </suite> <!-- Suite -->
</testng-results>
